This file contains any messages produced by compilers while
running configure, to aid debugging if configure makes a mistake.

It was created by configure, which was
generated by GNU Autoconf 2.59.  Invocation command line was

  $ ./configure 

## --------- ##
## Platform. ##
## --------- ##

hostname = ubuntu-laptop
uname -m = i686
uname -r = 2.6.32-25-generic
uname -s = Linux
uname -v = #44-Ubuntu SMP Fri Sep 17 20:26:08 UTC 2010

/usr/bin/uname -p = unknown
/bin/uname -X     = unknown

/bin/arch              = unknown
/usr/bin/arch -k       = unknown
/usr/convex/getsysinfo = unknown
hostinfo               = unknown
/bin/machine           = unknown
/usr/bin/oslevel       = unknown
/bin/universe          = unknown

PATH: /usr/local/sbin
PATH: /usr/local/bin
PATH: /usr/sbin
PATH: /usr/bin
PATH: /sbin
PATH: /bin
PATH: /usr/X11R6/bin


## ----------- ##
## Core tests. ##
## ----------- ##

configure:1540: checking for a BSD-compatible install
configure:1595: result: /usr/bin/install -c
configure:1606: checking whether build environment is sane
configure:1649: result: yes
configure:1714: checking for gawk
configure:1730: found /usr/bin/gawk
configure:1740: result: gawk
configure:1750: checking whether make sets $(MAKE)
configure:1770: result: yes
configure:1998: checking for g++
configure:2014: found /usr/bin/g++
configure:2024: result: g++
configure:2040: checking for C++ compiler version
configure:2043: g++ --version </dev/null >&5
g++ (Ubuntu 4.4.3-4ubuntu5) 4.4.3
Copyright (C) 2009 Free Software Foundation, Inc.
This is free software; see the source for copying conditions.  There is NO
warranty; not even for MERCHANTABILITY or FITNESS FOR A PARTICULAR PURPOSE.

configure:2046: $? = 0
configure:2048: g++ -v </dev/null >&5
Using built-in specs.
Target: i486-linux-gnu
Configured with: ../src/configure -v --with-pkgversion='Ubuntu 4.4.3-4ubuntu5' --with-bugurl=file:///usr/share/doc/gcc-4.4/README.Bugs --enable-languages=c,c++,fortran,objc,obj-c++ --prefix=/usr --enable-shared --enable-multiarch --enable-linker-build-id --with-system-zlib --libexecdir=/usr/lib --without-included-gettext --enable-threads=posix --with-gxx-include-dir=/usr/include/c++/4.4 --program-suffix=-4.4 --enable-nls --enable-clocale=gnu --enable-libstdcxx-debug --enable-plugin --enable-objc-gc --enable-targets=all --disable-werror --with-arch-32=i486 --with-tune=generic --enable-checking=release --build=i486-linux-gnu --host=i486-linux-gnu --target=i486-linux-gnu
Thread model: posix
gcc version 4.4.3 (Ubuntu 4.4.3-4ubuntu5) 
configure:2051: $? = 0
configure:2053: g++ -V </dev/null >&5
g++: '-V' option must have argument
configure:2056: $? = 1
configure:2079: checking for C++ compiler default output file name
configure:2082: g++    conftest.cc  >&5
configure:2085: $? = 0
configure:2131: result: a.out
configure:2136: checking whether the C++ compiler works
configure:2142: ./a.out
configure:2145: $? = 0
configure:2162: result: yes
configure:2169: checking whether we are cross compiling
configure:2171: result: no
configure:2174: checking for suffix of executables
configure:2176: g++ -o conftest    conftest.cc  >&5
configure:2179: $? = 0
configure:2204: result: 
configure:2210: checking for suffix of object files
configure:2231: g++ -c   conftest.cc >&5
configure:2234: $? = 0
configure:2256: result: o
configure:2260: checking whether we are using the GNU C++ compiler
configure:2284: g++ -c   conftest.cc >&5
configure:2290: $? = 0
configure:2294: test -z 
			 || test ! -s conftest.err
configure:2297: $? = 0
configure:2300: test -s conftest.o
configure:2303: $? = 0
configure:2316: result: yes
configure:2322: checking whether g++ accepts -g
configure:2343: g++ -c -g  conftest.cc >&5
configure:2349: $? = 0
configure:2353: test -z 
			 || test ! -s conftest.err
configure:2356: $? = 0
configure:2359: test -s conftest.o
configure:2362: $? = 0
configure:2373: result: yes
configure:2415: g++ -c -g -O2  conftest.cc >&5
configure:2421: $? = 0
configure:2425: test -z 
			 || test ! -s conftest.err
configure:2428: $? = 0
configure:2431: test -s conftest.o
configure:2434: $? = 0
configure:2460: g++ -c -g -O2  conftest.cc >&5
conftest.cc: In function 'int main()':
conftest.cc:15: error: 'exit' was not declared in this scope
configure:2466: $? = 1
configure: failed program was:
| /* confdefs.h.  */
| 
| #define PACKAGE_NAME ""
| #define PACKAGE_TARNAME ""
| #define PACKAGE_VERSION ""
| #define PACKAGE_STRING ""
| #define PACKAGE_BUGREPORT ""
| #define PACKAGE "firtex"
| #define VERSION "1.0.3"
| /* end confdefs.h.  */
| 
| int
| main ()
| {
| exit (42);
|   ;
|   return 0;
| }
configure:2415: g++ -c -g -O2  conftest.cc >&5
conftest.cc:11: error: 'void std::exit(int)' should have been declared inside 'std'
configure:2421: $? = 1
configure: failed program was:
| /* confdefs.h.  */
| 
| #define PACKAGE_NAME ""
| #define PACKAGE_TARNAME ""
| #define PACKAGE_VERSION ""
| #define PACKAGE_STRING ""
| #define PACKAGE_BUGREPORT ""
| #define PACKAGE "firtex"
| #define VERSION "1.0.3"
| /* end confdefs.h.  */
| extern "C" void std::exit (int) throw (); using std::exit;
| #include <stdlib.h>
| int
| main ()
| {
| exit (42);
|   ;
|   return 0;
| }
configure:2415: g++ -c -g -O2  conftest.cc >&5
conftest.cc:11: error: 'void std::exit(int)' should have been declared inside 'std'
In file included from conftest.cc:12:
/usr/include/stdlib.h:543: error: declaration of 'void std::exit(int) throw ()' throws different exceptions
conftest.cc:11: error: from previous declaration 'void std::exit(int)'
configure:2421: $? = 1
configure: failed program was:
| /* confdefs.h.  */
| 
| #define PACKAGE_NAME ""
| #define PACKAGE_TARNAME ""
| #define PACKAGE_VERSION ""
| #define PACKAGE_STRING ""
| #define PACKAGE_BUGREPORT ""
| #define PACKAGE "firtex"
| #define VERSION "1.0.3"
| /* end confdefs.h.  */
| extern "C" void std::exit (int); using std::exit;
| #include <stdlib.h>
| int
| main ()
| {
| exit (42);
|   ;
|   return 0;
| }
configure:2415: g++ -c -g -O2  conftest.cc >&5
configure:2421: $? = 0
configure:2425: test -z 
			 || test ! -s conftest.err
configure:2428: $? = 0
configure:2431: test -s conftest.o
configure:2434: $? = 0
configure:2460: g++ -c -g -O2  conftest.cc >&5
configure:2466: $? = 0
configure:2470: test -z 
			 || test ! -s conftest.err
configure:2473: $? = 0
configure:2476: test -s conftest.o
configure:2479: $? = 0
configure:2513: checking for style of include used by make
configure:2541: result: GNU
configure:2569: checking dependency style of g++
configure:2659: result: gcc3
configure:2722: checking for gcc
configure:2738: found /usr/bin/gcc
configure:2748: result: gcc
configure:2992: checking for C compiler version
configure:2995: gcc --version </dev/null >&5
gcc (Ubuntu 4.4.3-4ubuntu5) 4.4.3
Copyright (C) 2009 Free Software Foundation, Inc.
This is free software; see the source for copying conditions.  There is NO
warranty; not even for MERCHANTABILITY or FITNESS FOR A PARTICULAR PURPOSE.

configure:2998: $? = 0
configure:3000: gcc -v </dev/null >&5
Using built-in specs.
Target: i486-linux-gnu
Configured with: ../src/configure -v --with-pkgversion='Ubuntu 4.4.3-4ubuntu5' --with-bugurl=file:///usr/share/doc/gcc-4.4/README.Bugs --enable-languages=c,c++,fortran,objc,obj-c++ --prefix=/usr --enable-shared --enable-multiarch --enable-linker-build-id --with-system-zlib --libexecdir=/usr/lib --without-included-gettext --enable-threads=posix --with-gxx-include-dir=/usr/include/c++/4.4 --program-suffix=-4.4 --enable-nls --enable-clocale=gnu --enable-libstdcxx-debug --enable-plugin --enable-objc-gc --enable-targets=all --disable-werror --with-arch-32=i486 --with-tune=generic --enable-checking=release --build=i486-linux-gnu --host=i486-linux-gnu --target=i486-linux-gnu
Thread model: posix
gcc version 4.4.3 (Ubuntu 4.4.3-4ubuntu5) 
configure:3003: $? = 0
configure:3005: gcc -V </dev/null >&5
gcc: '-V' option must have argument
configure:3008: $? = 1
configure:3011: checking whether we are using the GNU C compiler
configure:3035: gcc -c   conftest.c >&5
configure:3041: $? = 0
configure:3045: test -z 
			 || test ! -s conftest.err
configure:3048: $? = 0
configure:3051: test -s conftest.o
configure:3054: $? = 0
configure:3067: result: yes
configure:3073: checking whether gcc accepts -g
configure:3094: gcc -c -g  conftest.c >&5
configure:3100: $? = 0
configure:3104: test -z 
			 || test ! -s conftest.err
configure:3107: $? = 0
configure:3110: test -s conftest.o
configure:3113: $? = 0
configure:3124: result: yes
configure:3141: checking for gcc option to accept ANSI C
configure:3211: gcc  -c -g -O2  conftest.c >&5
configure:3217: $? = 0
configure:3221: test -z 
			 || test ! -s conftest.err
configure:3224: $? = 0
configure:3227: test -s conftest.o
configure:3230: $? = 0
configure:3248: result: none needed
configure:3266: gcc -c -g -O2  conftest.c >&5
conftest.c:2: error: expected '=', ',', ';', 'asm' or '__attribute__' before 'me'
configure:3272: $? = 1
configure: failed program was:
| #ifndef __cplusplus
|   choke me
| #endif
configure:3407: checking dependency style of gcc
configure:3497: result: gcc3
configure:3555: checking for ranlib
configure:3571: found /usr/bin/ranlib
configure:3582: result: ranlib
configure:3672: checking build system type
configure:3690: result: i686-pc-linux-gnu
configure:3698: checking host system type
configure:3712: result: i686-pc-linux-gnu
configure:3720: checking for a sed that does not truncate output
configure:3774: result: /bin/sed
configure:3777: checking for egrep
configure:3787: result: grep -E
configure:3803: checking for ld used by gcc
configure:3870: result: /usr/bin/ld
configure:3879: checking if the linker (/usr/bin/ld) is GNU ld
configure:3894: result: yes
configure:3899: checking for /usr/bin/ld option to reload object files
configure:3906: result: -r
configure:3915: checking for BSD-compatible nm
configure:3957: result: /usr/bin/nm -B
configure:3961: checking whether ln -s works
configure:3965: result: yes
configure:3972: checking how to recognise dependent libraries
configure:4155: result: pass_all
configure:4369: checking how to run the C preprocessor
configure:4404: gcc -E  conftest.c
configure:4410: $? = 0
configure:4442: gcc -E  conftest.c
conftest.c:14:28: error: ac_nonexistent.h: No such file or directory
configure:4448: $? = 1
configure: failed program was:
| /* confdefs.h.  */
| 
| #define PACKAGE_NAME ""
| #define PACKAGE_TARNAME ""
| #define PACKAGE_VERSION ""
| #define PACKAGE_STRING ""
| #define PACKAGE_BUGREPORT ""
| #define PACKAGE "firtex"
| #define VERSION "1.0.3"
| #ifdef __cplusplus
| extern "C" void exit (int) throw ();
| #endif
| /* end confdefs.h.  */
| #include <ac_nonexistent.h>
configure:4487: result: gcc -E
configure:4511: gcc -E  conftest.c
configure:4517: $? = 0
configure:4549: gcc -E  conftest.c
conftest.c:14:28: error: ac_nonexistent.h: No such file or directory
configure:4555: $? = 1
configure: failed program was:
| /* confdefs.h.  */
| 
| #define PACKAGE_NAME ""
| #define PACKAGE_TARNAME ""
| #define PACKAGE_VERSION ""
| #define PACKAGE_STRING ""
| #define PACKAGE_BUGREPORT ""
| #define PACKAGE "firtex"
| #define VERSION "1.0.3"
| #ifdef __cplusplus
| extern "C" void exit (int) throw ();
| #endif
| /* end confdefs.h.  */
| #include <ac_nonexistent.h>
configure:4599: checking for ANSI C header files
configure:4624: gcc -c -g -O2  conftest.c >&5
configure:4630: $? = 0
configure:4634: test -z 
			 || test ! -s conftest.err
configure:4637: $? = 0
configure:4640: test -s conftest.o
configure:4643: $? = 0
configure:4732: gcc -o conftest -g -O2   conftest.c  >&5
conftest.c: In function 'main':
conftest.c:31: warning: incompatible implicit declaration of built-in function 'exit'
configure:4735: $? = 0
configure:4737: ./conftest
configure:4740: $? = 0
configure:4755: result: yes
configure:4779: checking for sys/types.h
configure:4795: gcc -c -g -O2  conftest.c >&5
configure:4801: $? = 0
configure:4805: test -z 
			 || test ! -s conftest.err
configure:4808: $? = 0
configure:4811: test -s conftest.o
configure:4814: $? = 0
configure:4825: result: yes
configure:4779: checking for sys/stat.h
configure:4795: gcc -c -g -O2  conftest.c >&5
configure:4801: $? = 0
configure:4805: test -z 
			 || test ! -s conftest.err
configure:4808: $? = 0
configure:4811: test -s conftest.o
configure:4814: $? = 0
configure:4825: result: yes
configure:4779: checking for stdlib.h
configure:4795: gcc -c -g -O2  conftest.c >&5
configure:4801: $? = 0
configure:4805: test -z 
			 || test ! -s conftest.err
configure:4808: $? = 0
configure:4811: test -s conftest.o
configure:4814: $? = 0
configure:4825: result: yes
configure:4779: checking for string.h
configure:4795: gcc -c -g -O2  conftest.c >&5
configure:4801: $? = 0
configure:4805: test -z 
			 || test ! -s conftest.err
configure:4808: $? = 0
configure:4811: test -s conftest.o
configure:4814: $? = 0
configure:4825: result: yes
configure:4779: checking for memory.h
configure:4795: gcc -c -g -O2  conftest.c >&5
configure:4801: $? = 0
configure:4805: test -z 
			 || test ! -s conftest.err
configure:4808: $? = 0
configure:4811: test -s conftest.o
configure:4814: $? = 0
configure:4825: result: yes
configure:4779: checking for strings.h
configure:4795: gcc -c -g -O2  conftest.c >&5
configure:4801: $? = 0
configure:4805: test -z 
			 || test ! -s conftest.err
configure:4808: $? = 0
configure:4811: test -s conftest.o
configure:4814: $? = 0
configure:4825: result: yes
configure:4779: checking for inttypes.h
configure:4795: gcc -c -g -O2  conftest.c >&5
configure:4801: $? = 0
configure:4805: test -z 
			 || test ! -s conftest.err
configure:4808: $? = 0
configure:4811: test -s conftest.o
configure:4814: $? = 0
configure:4825: result: yes
configure:4779: checking for stdint.h
configure:4795: gcc -c -g -O2  conftest.c >&5
configure:4801: $? = 0
configure:4805: test -z 
			 || test ! -s conftest.err
configure:4808: $? = 0
configure:4811: test -s conftest.o
configure:4814: $? = 0
configure:4825: result: yes
configure:4779: checking for unistd.h
configure:4795: gcc -c -g -O2  conftest.c >&5
configure:4801: $? = 0
configure:4805: test -z 
			 || test ! -s conftest.err
configure:4808: $? = 0
configure:4811: test -s conftest.o
configure:4814: $? = 0
configure:4825: result: yes
configure:4851: checking dlfcn.h usability
configure:4863: gcc -c -g -O2  conftest.c >&5
configure:4869: $? = 0
configure:4873: test -z 
			 || test ! -s conftest.err
configure:4876: $? = 0
configure:4879: test -s conftest.o
configure:4882: $? = 0
configure:4892: result: yes
configure:4896: checking dlfcn.h presence
configure:4906: gcc -E  conftest.c
configure:4912: $? = 0
configure:4932: result: yes
configure:4967: checking for dlfcn.h
configure:4974: result: yes
configure:4992: checking how to run the C++ preprocessor
configure:5023: g++ -E  conftest.cc
configure:5029: $? = 0
configure:5061: g++ -E  conftest.cc
conftest.cc:25:28: error: ac_nonexistent.h: No such file or directory
configure:5067: $? = 1
configure: failed program was:
| /* confdefs.h.  */
| 
| #define PACKAGE_NAME ""
| #define PACKAGE_TARNAME ""
| #define PACKAGE_VERSION ""
| #define PACKAGE_STRING ""
| #define PACKAGE_BUGREPORT ""
| #define PACKAGE "firtex"
| #define VERSION "1.0.3"
| #ifdef __cplusplus
| extern "C" void exit (int) throw ();
| #endif
| #define STDC_HEADERS 1
| #define HAVE_SYS_TYPES_H 1
| #define HAVE_SYS_STAT_H 1
| #define HAVE_STDLIB_H 1
| #define HAVE_STRING_H 1
| #define HAVE_MEMORY_H 1
| #define HAVE_STRINGS_H 1
| #define HAVE_INTTYPES_H 1
| #define HAVE_STDINT_H 1
| #define HAVE_UNISTD_H 1
| #define HAVE_DLFCN_H 1
| /* end confdefs.h.  */
| #include <ac_nonexistent.h>
configure:5106: result: g++ -E
configure:5130: g++ -E  conftest.cc
configure:5136: $? = 0
configure:5168: g++ -E  conftest.cc
conftest.cc:25:28: error: ac_nonexistent.h: No such file or directory
configure:5174: $? = 1
configure: failed program was:
| /* confdefs.h.  */
| 
| #define PACKAGE_NAME ""
| #define PACKAGE_TARNAME ""
| #define PACKAGE_VERSION ""
| #define PACKAGE_STRING ""
| #define PACKAGE_BUGREPORT ""
| #define PACKAGE "firtex"
| #define VERSION "1.0.3"
| #ifdef __cplusplus
| extern "C" void exit (int) throw ();
| #endif
| #define STDC_HEADERS 1
| #define HAVE_SYS_TYPES_H 1
| #define HAVE_SYS_STAT_H 1
| #define HAVE_STDLIB_H 1
| #define HAVE_STRING_H 1
| #define HAVE_MEMORY_H 1
| #define HAVE_STRINGS_H 1
| #define HAVE_INTTYPES_H 1
| #define HAVE_STDINT_H 1
| #define HAVE_UNISTD_H 1
| #define HAVE_DLFCN_H 1
| /* end confdefs.h.  */
| #include <ac_nonexistent.h>
configure:5269: checking for g77
configure:5298: result: no
configure:5269: checking for f77
configure:5298: result: no
configure:5269: checking for xlf
configure:5298: result: no
configure:5269: checking for frt
configure:5298: result: no
configure:5269: checking for pgf77
configure:5298: result: no
configure:5269: checking for fort77
configure:5298: result: no
configure:5269: checking for fl32
configure:5298: result: no
configure:5269: checking for af77
configure:5298: result: no
configure:5269: checking for f90
configure:5298: result: no
configure:5269: checking for xlf90
configure:5298: result: no
configure:5269: checking for pgf90
configure:5298: result: no
configure:5269: checking for epcf90
configure:5298: result: no
configure:5269: checking for f95
configure:5298: result: no
configure:5269: checking for fort
configure:5298: result: no
configure:5269: checking for xlf95
configure:5298: result: no
configure:5269: checking for ifc
configure:5298: result: no
configure:5269: checking for efc
configure:5298: result: no
configure:5269: checking for pgf95
configure:5298: result: no
configure:5269: checking for lf95
configure:5298: result: no
configure:5269: checking for gfortran
configure:5298: result: no
configure:5310: checking for Fortran 77 compiler version
configure:5313:  --version </dev/null >&5
./configure: line 5314: --version: command not found
configure:5316: $? = 127
configure:5318:  -v </dev/null >&5
./configure: line 5319: -v: command not found
configure:5321: $? = 127
configure:5323:  -V </dev/null >&5
./configure: line 5324: -V: command not found
configure:5326: $? = 127
configure:5334: checking whether we are using the GNU Fortran 77 compiler
configure:5348:  -c  conftest.F >&5
./configure: line 5349: -c: command not found
configure:5354: $? = 127
configure: failed program was:
|       program main
| #ifndef __GNUC__
|        choke me
| #endif
| 
|       end
configure:5380: result: no
configure:5386: checking whether  accepts -g
configure:5398:  -c -g conftest.f >&5
./configure: line 5399: -c: command not found
configure:5404: $? = 127
configure: failed program was:
|       program main
| 
|       end
configure:5429: result: no
configure:5459: checking the maximum length of command line arguments
configure:5524: result: 32768
configure:5535: checking command to parse /usr/bin/nm -B output from gcc object
configure:5624: g++ -c -g -O2  conftest.cc >&5
configure:5627: $? = 0
configure:5631: /usr/bin/nm -B conftest.o \| sed -n -e 's/^.*[ 	]\([ABCDGIRSTW][ABCDGIRSTW]*\)[ 	][ 	]*\(\)\([_A-Za-z][_A-Za-z0-9]*\)$/\1 \2\3 \3/p' \> conftest.nm
configure:5634: $? = 0
configure:5686: g++ -o conftest -g -O2   conftest.cc conftstm.o >&5
configure:5689: $? = 0
configure:5727: result: ok
configure:5731: checking for objdir
configure:5746: result: .libs
configure:5836: checking for ar
configure:5852: found /usr/bin/ar
configure:5863: result: ar
configure:5916: checking for ranlib
configure:5943: result: ranlib
configure:5996: checking for strip
configure:6012: found /usr/bin/strip
configure:6023: result: strip
configure:6285: checking if gcc static flag  works
configure:6308: result: yes
configure:6326: checking if gcc supports -fno-rtti -fno-exceptions
configure:6344: gcc -c -g -O2  -fno-rtti -fno-exceptions conftest.c >&5
cc1: warning: command line option "-fno-rtti" is valid for C++/ObjC++ but not for C
configure:6348: $? = 0
configure:6359: result: no
configure:6374: checking for gcc option to produce PIC
configure:6551: result: -fPIC
configure:6559: checking if gcc PIC flag -fPIC works
configure:6577: gcc -c -g -O2  -fPIC -DPIC conftest.c >&5
configure:6581: $? = 0
configure:6592: result: yes
configure:6616: checking if gcc supports -c -o file.o
configure:6637: gcc -c -g -O2  -o out/conftest2.o conftest.c >&5
configure:6641: $? = 0
configure:6661: result: yes
configure:6687: checking whether the gcc linker (/usr/bin/ld) supports shared libraries
configure:7535: result: yes
configure:7561: checking whether -lc should be explicitly linked in
configure:7566: gcc -c -g -O2  conftest.c >&5
configure:7569: $? = 0
configure:7583: gcc -shared conftest.o  -v -Wl,-soname -Wl,conftest -o conftest 2\>\&1 \| grep  -lc  \>/dev/null 2\>\&1
configure:7586: $? = 0
configure:7598: result: no
configure:7606: checking dynamic linker characteristics
configure:8167: result: GNU/Linux ld.so
configure:8171: checking how to hardcode library paths into programs
configure:8196: result: immediate
configure:8210: checking whether stripping libraries is possible
configure:8215: result: yes
configure:9045: checking if libtool supports shared libraries
configure:9047: result: yes
configure:9050: checking whether to build shared libraries
configure:9108: result: yes
configure:9111: checking whether to build static libraries
configure:9115: result: yes
configure:9207: creating libtool
configure:9754: checking for ld used by g++
configure:9821: result: /usr/bin/ld
configure:9830: checking if the linker (/usr/bin/ld) is GNU ld
configure:9845: result: yes
configure:9896: checking whether the g++ linker (/usr/bin/ld) supports shared libraries
configure:10724: result: yes
configure:10742: g++ -c -g -O2  conftest.cc >&5
configure:10745: $? = 0
configure:10841: checking for g++ option to produce PIC
configure:11093: result: -fPIC
configure:11101: checking if g++ PIC flag -fPIC works
configure:11119: g++ -c -g -O2  -fPIC -DPIC conftest.cc >&5
configure:11123: $? = 0
configure:11134: result: yes
configure:11158: checking if g++ supports -c -o file.o
configure:11179: g++ -c -g -O2  -o out/conftest2.o conftest.cc >&5
configure:11183: $? = 0
configure:11203: result: yes
configure:11229: checking whether the g++ linker (/usr/bin/ld) supports shared libraries
configure:11254: result: yes
configure:11325: checking dynamic linker characteristics
configure:11886: result: GNU/Linux ld.so
configure:11890: checking how to hardcode library paths into programs
configure:11915: result: immediate
configure:11929: checking whether stripping libraries is possible
configure:11934: result: yes
configure:19215: checking for dlopen in -ldl
configure:19245: g++ -o conftest -g -O2   conftest.cc -ldl   >&5
configure:19251: $? = 0
configure:19255: test -z 
			 || test ! -s conftest.err
configure:19258: $? = 0
configure:19261: test -s conftest
configure:19264: $? = 0
configure:19277: result: yes
configure:19287: checking for pthread_create in -lpthread
configure:19317: g++ -o conftest -g -O2   conftest.cc -lpthread   -ldl >&5
configure:19323: $? = 0
configure:19327: test -z 
			 || test ! -s conftest.err
configure:19330: $? = 0
configure:19333: test -s conftest
configure:19336: $? = 0
configure:19349: result: yes
configure:19368: checking for doxygen
configure:19395: result: false
configure:19403: WARNING: *** doxygen not found, docs will not be available
configure:19574: creating ./config.status

## ---------------------- ##
## Running config.status. ##
## ---------------------- ##

This file was extended by config.status, which was
generated by GNU Autoconf 2.59.  Invocation command line was

  CONFIG_FILES    = 
  CONFIG_HEADERS  = 
  CONFIG_LINKS    = 
  CONFIG_COMMANDS = 
  $ ./config.status 

on ubuntu-laptop

config.status:728: creating Makefile
config.status:728: creating app/fxist4c/Makefile
config.status:728: creating app/Fxist/Makefile
config.status:728: creating plugins/HTMLParserPlugin/Makefile
config.status:728: creating src/Makefile
config.status:728: creating win32/Makefile
config.status:728: creating bin_release/Makefile
config.status:728: creating bin_debug/Makefile
config.status:728: creating contrib/snowball/Makefile
config.status:728: creating contrib/win32/Makefile
config.status:728: creating doc/Makefile
config.status:832: creating config.h
config.status:940: config.h is unchanged
config.status:1120: executing depfiles commands

## ---------------- ##
## Cache variables. ##
## ---------------- ##

ac_cv_build=i686-pc-linux-gnu
ac_cv_build_alias=i686-pc-linux-gnu
ac_cv_c_compiler_gnu=yes
ac_cv_cxx_compiler_gnu=yes
ac_cv_env_CC_set=
ac_cv_env_CC_value=
ac_cv_env_CFLAGS_set=
ac_cv_env_CFLAGS_value=
ac_cv_env_CPPFLAGS_set=
ac_cv_env_CPPFLAGS_value=
ac_cv_env_CPP_set=
ac_cv_env_CPP_value=
ac_cv_env_CXXCPP_set=
ac_cv_env_CXXCPP_value=
ac_cv_env_CXXFLAGS_set=
ac_cv_env_CXXFLAGS_value=
ac_cv_env_CXX_set=
ac_cv_env_CXX_value=
ac_cv_env_F77_set=
ac_cv_env_F77_value=
ac_cv_env_FFLAGS_set=
ac_cv_env_FFLAGS_value=
ac_cv_env_LDFLAGS_set=
ac_cv_env_LDFLAGS_value=
ac_cv_env_build_alias_set=
ac_cv_env_build_alias_value=
ac_cv_env_host_alias_set=
ac_cv_env_host_alias_value=
ac_cv_env_target_alias_set=
ac_cv_env_target_alias_value=
ac_cv_exeext=
ac_cv_f77_compiler_gnu=no
ac_cv_header_dlfcn_h=yes
ac_cv_header_inttypes_h=yes
ac_cv_header_memory_h=yes
ac_cv_header_stdc=yes
ac_cv_header_stdint_h=yes
ac_cv_header_stdlib_h=yes
ac_cv_header_string_h=yes
ac_cv_header_strings_h=yes
ac_cv_header_sys_stat_h=yes
ac_cv_header_sys_types_h=yes
ac_cv_header_unistd_h=yes
ac_cv_host=i686-pc-linux-gnu
ac_cv_host_alias=i686-pc-linux-gnu
ac_cv_lib_dl_dlopen=yes
ac_cv_lib_pthread_pthread_create=yes
ac_cv_objext=o
ac_cv_path_install='/usr/bin/install -c'
ac_cv_prog_AWK=gawk
ac_cv_prog_CPP='gcc -E'
ac_cv_prog_CXXCPP='g++ -E'
ac_cv_prog_DOXYGEN=false
ac_cv_prog_ac_ct_AR=ar
ac_cv_prog_ac_ct_CC=gcc
ac_cv_prog_ac_ct_CXX=g++
ac_cv_prog_ac_ct_RANLIB=ranlib
ac_cv_prog_ac_ct_STRIP=strip
ac_cv_prog_cc_g=yes
ac_cv_prog_cc_stdc=
ac_cv_prog_cxx_g=yes
ac_cv_prog_egrep='grep -E'
ac_cv_prog_f77_g=no
ac_cv_prog_make_make_set=yes
am_cv_CC_dependencies_compiler_type=gcc3
am_cv_CXX_dependencies_compiler_type=gcc3
lt_cv_deplibs_check_method=pass_all
lt_cv_file_magic_cmd='$MAGIC_CMD'
lt_cv_file_magic_test_file='/lib/libc.so.6 /lib/libc-2.11.1.so'
lt_cv_ld_reload_flag=-r
lt_cv_objdir=.libs
lt_cv_path_LD=/usr/bin/ld
lt_cv_path_LDCXX=/usr/bin/ld
lt_cv_path_NM='/usr/bin/nm -B'
lt_cv_path_SED=/bin/sed
lt_cv_prog_compiler_c_o=yes
lt_cv_prog_compiler_c_o_CXX=yes
lt_cv_prog_compiler_rtti_exceptions=no
lt_cv_prog_gnu_ld=yes
lt_cv_prog_gnu_ldcxx=yes
lt_cv_sys_global_symbol_pipe='sed -n -e '\''s/^.*[ 	]\([ABCDGIRSTW][ABCDGIRSTW]*\)[ 	][ 	]*\(\)\([_A-Za-z][_A-Za-z0-9]*\)$/\1 \2\3 \3/p'\'''
lt_cv_sys_global_symbol_to_c_name_address='sed -n -e '\''s/^: \([^ ]*\) $/  {\"\1\", (lt_ptr) 0},/p'\'' -e '\''s/^[BCDEGRST] \([^ ]*\) \([^ ]*\)$/  {"\2", (lt_ptr) \&\2},/p'\'''
lt_cv_sys_global_symbol_to_cdecl='sed -n -e '\''s/^. .* \(.*\)$/extern int \1;/p'\'''
lt_cv_sys_max_cmd_len=32768
lt_lt_cv_prog_compiler_c_o='"yes"'
lt_lt_cv_prog_compiler_c_o_CXX='"yes"'
lt_lt_cv_sys_global_symbol_pipe='"sed -n -e '\''s/^.*[ 	]\\([ABCDGIRSTW][ABCDGIRSTW]*\\)[ 	][ 	]*\\(\\)\\([_A-Za-z][_A-Za-z0-9]*\\)\$/\\1 \\2\\3 \\3/p'\''"'
lt_lt_cv_sys_global_symbol_to_c_name_address='"sed -n -e '\''s/^: \\([^ ]*\\) \$/  {\\\"\\1\\\", (lt_ptr) 0},/p'\'' -e '\''s/^[BCDEGRST] \\([^ ]*\\) \\([^ ]*\\)\$/  {\"\\2\", (lt_ptr) \\&\\2},/p'\''"'
lt_lt_cv_sys_global_symbol_to_cdecl='"sed -n -e '\''s/^. .* \\(.*\\)\$/extern int \\1;/p'\''"'

## ----------------- ##
## Output variables. ##
## ----------------- ##

ACLOCAL='${SHELL} /home/ubuntu/桌面/firtex-1.0.3/missing --run aclocal-1.9'
AMDEPBACKSLASH='\'
AMDEP_FALSE='#'
AMDEP_TRUE=''
AMTAR='${SHELL} /home/ubuntu/桌面/firtex-1.0.3/missing --run tar'
AR='ar'
AUTOCONF='${SHELL} /home/ubuntu/桌面/firtex-1.0.3/missing --run autoconf'
AUTOHEADER='${SHELL} /home/ubuntu/桌面/firtex-1.0.3/missing --run autoheader'
AUTOMAKE='${SHELL} /home/ubuntu/桌面/firtex-1.0.3/missing --run automake-1.9'
AWK='gawk'
CC='gcc'
CCDEPMODE='depmode=gcc3'
CFLAGS='-g -O2'
CPP='gcc -E'
CPPFLAGS=''
CXX='g++'
CXXCPP='g++ -E'
CXXDEPMODE='depmode=gcc3'
CXXFLAGS='-g -O2'
CYGPATH_W='echo'
DEFS='-DHAVE_CONFIG_H'
DEPDIR='.deps'
DOT=''
DOXYGEN='false'
ECHO='echo'
ECHO_C=''
ECHO_N='-n'
ECHO_T=''
EGREP='grep -E'
EXEEXT=''
F77=''
FFLAGS=''
INSTALL_DATA='${INSTALL} -m 644'
INSTALL_PROGRAM='${INSTALL}'
INSTALL_SCRIPT='${INSTALL}'
INSTALL_STRIP_PROGRAM='${SHELL} $(install_sh) -c -s'
LDFLAGS=''
LIBOBJS=''
LIBS=' -ldl -lpthread'
LIBTOOL='$(SHELL) $(top_builddir)/libtool'
LN_S='ln -s'
LTLIBOBJS=''
MAKEINFO='${SHELL} /home/ubuntu/桌面/firtex-1.0.3/missing --run makeinfo'
OBJEXT='o'
PACKAGE='firtex'
PACKAGE_BUGREPORT=''
PACKAGE_NAME=''
PACKAGE_STRING=''
PACKAGE_TARNAME=''
PACKAGE_VERSION=''
PATH_SEPARATOR=':'
RANLIB='ranlib'
SET_MAKE=''
SHELL='/bin/bash'
STRIP='strip'
VERSION='1.0.3'
ac_ct_AR='ar'
ac_ct_CC='gcc'
ac_ct_CXX='g++'
ac_ct_F77=''
ac_ct_RANLIB='ranlib'
ac_ct_STRIP='strip'
am__fastdepCC_FALSE='#'
am__fastdepCC_TRUE=''
am__fastdepCXX_FALSE='#'
am__fastdepCXX_TRUE=''
am__include='include'
am__leading_dot='.'
am__quote=''
am__tar='${AMTAR} chof - "$$tardir"'
am__untar='${AMTAR} xf -'
bindir='${exec_prefix}/bin'
build='i686-pc-linux-gnu'
build_alias=''
build_cpu='i686'
build_os='linux-gnu'
build_vendor='pc'
datadir='${prefix}/share'
enable_dot=''
enable_doxygen='no'
exec_prefix='${prefix}'
host='i686-pc-linux-gnu'
host_alias=''
host_cpu='i686'
host_os='linux-gnu'
host_vendor='pc'
includedir='${prefix}/include'
infodir='${prefix}/info'
install_sh='/home/ubuntu/桌面/firtex-1.0.3/install-sh'
libdir='${exec_prefix}/lib'
libexecdir='${exec_prefix}/libexec'
localstatedir='${prefix}/var'
mandir='${prefix}/man'
mkdir_p='mkdir -p --'
oldincludedir='/usr/include'
prefix='/usr/local'
program_transform_name='s,x,x,'
sbindir='${exec_prefix}/sbin'
sharedstatedir='${prefix}/com'
sysconfdir='${prefix}/etc'
target_alias=''

## ----------- ##
## confdefs.h. ##
## ----------- ##

#define HAVE_DLFCN_H 1
#define HAVE_INTTYPES_H 1
#define HAVE_MEMORY_H 1
#define HAVE_STDINT_H 1
#define HAVE_STDLIB_H 1
#define HAVE_STRINGS_H 1
#define HAVE_STRING_H 1
#define HAVE_SYS_STAT_H 1
#define HAVE_SYS_TYPES_H 1
#define HAVE_UNISTD_H 1
#define PACKAGE "firtex"
#define PACKAGE_BUGREPORT ""
#define PACKAGE_NAME ""
#define PACKAGE_STRING ""
#define PACKAGE_TARNAME ""
#define PACKAGE_VERSION ""
#define STDC_HEADERS 1
#define VERSION "1.0.3"
#endif
#ifdef __cplusplus
extern "C" void exit (int) throw ();

configure: exit 0
